Performing C++ SOURCE FILE Test CMAKE_HAVE_LIBC_PTHREAD failed with the following output:
Change Dir: /home/ilyalinux/RPO/libs/spdlog/build/x86/CMakeFiles/CMakeTmp

Run Build Command(s):/usr/bin/make cmTC_424fe/fast && /usr/bin/make  -f CMakeFiles/cmTC_424fe.dir/build.make CMakeFiles/cmTC_424fe.dir/build
make[1]: вход в каталог «/home/ilyalinux/RPO/libs/spdlog/build/x86/CMakeFiles/CMakeTmp»
Building CXX object CMakeFiles/cmTC_424fe.dir/src.cxx.o
/home/ilyalinux/Android/Sdk/ndk/23.0.7123448/toolchains/llvm/prebuilt/linux-x86_64/bin/clang++ --target=i686-none-linux-android16 --gcc-toolchain=/home/ilyalinux/Android/Sdk/ndk/23.0.7123448/toolchains/llvm/prebuilt/linux-x86_64 --sysroot=/home/ilyalinux/Android/Sdk/ndk/23.0.7123448/toolchains/llvm/prebuilt/linux-x86_64/sysroot -DCMAKE_HAVE_LIBC_PTHREAD  -g -DANDROID -fdata-sections -ffunction-sections -funwind-tables -fstack-protector-strong -no-canonical-prefixes -mstackrealign -D_FORTIFY_SOURCE=2 -Wformat -Werror=format-security    -fPIE -std=c++11 -o CMakeFiles/cmTC_424fe.dir/src.cxx.o -c /home/ilyalinux/RPO/libs/spdlog/build/x86/CMakeFiles/CMakeTmp/src.cxx
/home/ilyalinux/RPO/libs/spdlog/build/x86/CMakeFiles/CMakeTmp/src.cxx:13:3: error: use of undeclared identifier 'pthread_cancel'
  pthread_cancel(thread);
  ^
1 error generated.
make[1]: *** [CMakeFiles/cmTC_424fe.dir/build.make:85: CMakeFiles/cmTC_424fe.dir/src.cxx.o] Ошибка 1
make[1]: выход из каталога «/home/ilyalinux/RPO/libs/spdlog/build/x86/CMakeFiles/CMakeTmp»
make: *** [Makefile:140: cmTC_424fe/fast] Ошибка 2


Source file was:
#include <pthread.h>

static void* test_func(void* data)
{
  return data;
}

int main(void)
{
  pthread_t thread;
  pthread_create(&thread, NULL, test_func, NULL);
  pthread_detach(thread);
  pthread_cancel(thread);
  pthread_join(thread, NULL);
  pthread_atfork(NULL, NULL, NULL);
  pthread_exit(NULL);

  return 0;
}

Determining if the function pthread_create exists in the pthreads failed with the following output:
Change Dir: /home/ilyalinux/RPO/libs/spdlog/build/x86/CMakeFiles/CMakeTmp

Run Build Command(s):/usr/bin/make cmTC_468f8/fast && /usr/bin/make  -f CMakeFiles/cmTC_468f8.dir/build.make CMakeFiles/cmTC_468f8.dir/build
make[1]: вход в каталог «/home/ilyalinux/RPO/libs/spdlog/build/x86/CMakeFiles/CMakeTmp»
Building CXX object CMakeFiles/cmTC_468f8.dir/CheckFunctionExists.cxx.o
/home/ilyalinux/Android/Sdk/ndk/23.0.7123448/toolchains/llvm/prebuilt/linux-x86_64/bin/clang++ --target=i686-none-linux-android16 --gcc-toolchain=/home/ilyalinux/Android/Sdk/ndk/23.0.7123448/toolchains/llvm/prebuilt/linux-x86_64 --sysroot=/home/ilyalinux/Android/Sdk/ndk/23.0.7123448/toolchains/llvm/prebuilt/linux-x86_64/sysroot   -g -DANDROID -fdata-sections -ffunction-sections -funwind-tables -fstack-protector-strong -no-canonical-prefixes -mstackrealign -D_FORTIFY_SOURCE=2 -Wformat -Werror=format-security   -DCHECK_FUNCTION_EXISTS=pthread_create -fPIE -std=c++11 -o CMakeFiles/cmTC_468f8.dir/CheckFunctionExists.cxx.o -c /home/ilyalinux/RPO/libs/spdlog/build/x86/CMakeFiles/CheckLibraryExists/CheckFunctionExists.cxx
Linking CXX executable cmTC_468f8
/snap/cmake/805/bin/cmake -E cmake_link_script CMakeFiles/cmTC_468f8.dir/link.txt --verbose=1
/home/ilyalinux/Android/Sdk/ndk/23.0.7123448/toolchains/llvm/prebuilt/linux-x86_64/bin/clang++ --target=i686-none-linux-android16 --gcc-toolchain=/home/ilyalinux/Android/Sdk/ndk/23.0.7123448/toolchains/llvm/prebuilt/linux-x86_64 --sysroot=/home/ilyalinux/Android/Sdk/ndk/23.0.7123448/toolchains/llvm/prebuilt/linux-x86_64/sysroot -g -DANDROID -fdata-sections -ffunction-sections -funwind-tables -fstack-protector-strong -no-canonical-prefixes -mstackrealign -D_FORTIFY_SOURCE=2 -Wformat -Werror=format-security   -DCHECK_FUNCTION_EXISTS=pthread_create -Wl,--exclude-libs,libgcc.a -Wl,--exclude-libs,libgcc_real.a -Wl,--exclude-libs,libatomic.a -static-libstdc++ -Wl,--build-id=sha1 -Wl,--no-rosegment -Wl,--fatal-warnings -Wl,--no-undefined -Qunused-arguments -Wl,--gc-sections   CMakeFiles/cmTC_468f8.dir/CheckFunctionExists.cxx.o -o cmTC_468f8  -lpthreads -latomic -lm 
ld: error: unable to find library -lpthreads
clang++: error: linker command failed with exit code 1 (use -v to see invocation)
make[1]: *** [CMakeFiles/cmTC_468f8.dir/build.make:106: cmTC_468f8] Ошибка 1
make[1]: выход из каталога «/home/ilyalinux/RPO/libs/spdlog/build/x86/CMakeFiles/CMakeTmp»
make: *** [Makefile:140: cmTC_468f8/fast] Ошибка 2



Determining if the function pthread_create exists in the pthread failed with the following output:
Change Dir: /home/ilyalinux/RPO/libs/spdlog/build/x86/CMakeFiles/CMakeTmp

Run Build Command(s):/usr/bin/make cmTC_6ed2b/fast && /usr/bin/make  -f CMakeFiles/cmTC_6ed2b.dir/build.make CMakeFiles/cmTC_6ed2b.dir/build
make[1]: вход в каталог «/home/ilyalinux/RPO/libs/spdlog/build/x86/CMakeFiles/CMakeTmp»
Building CXX object CMakeFiles/cmTC_6ed2b.dir/CheckFunctionExists.cxx.o
/home/ilyalinux/Android/Sdk/ndk/23.0.7123448/toolchains/llvm/prebuilt/linux-x86_64/bin/clang++ --target=i686-none-linux-android16 --gcc-toolchain=/home/ilyalinux/Android/Sdk/ndk/23.0.7123448/toolchains/llvm/prebuilt/linux-x86_64 --sysroot=/home/ilyalinux/Android/Sdk/ndk/23.0.7123448/toolchains/llvm/prebuilt/linux-x86_64/sysroot   -g -DANDROID -fdata-sections -ffunction-sections -funwind-tables -fstack-protector-strong -no-canonical-prefixes -mstackrealign -D_FORTIFY_SOURCE=2 -Wformat -Werror=format-security   -DCHECK_FUNCTION_EXISTS=pthread_create -fPIE -std=c++11 -o CMakeFiles/cmTC_6ed2b.dir/CheckFunctionExists.cxx.o -c /home/ilyalinux/RPO/libs/spdlog/build/x86/CMakeFiles/CheckLibraryExists/CheckFunctionExists.cxx
Linking CXX executable cmTC_6ed2b
/snap/cmake/805/bin/cmake -E cmake_link_script CMakeFiles/cmTC_6ed2b.dir/link.txt --verbose=1
/home/ilyalinux/Android/Sdk/ndk/23.0.7123448/toolchains/llvm/prebuilt/linux-x86_64/bin/clang++ --target=i686-none-linux-android16 --gcc-toolchain=/home/ilyalinux/Android/Sdk/ndk/23.0.7123448/toolchains/llvm/prebuilt/linux-x86_64 --sysroot=/home/ilyalinux/Android/Sdk/ndk/23.0.7123448/toolchains/llvm/prebuilt/linux-x86_64/sysroot -g -DANDROID -fdata-sections -ffunction-sections -funwind-tables -fstack-protector-strong -no-canonical-prefixes -mstackrealign -D_FORTIFY_SOURCE=2 -Wformat -Werror=format-security   -DCHECK_FUNCTION_EXISTS=pthread_create -Wl,--exclude-libs,libgcc.a -Wl,--exclude-libs,libgcc_real.a -Wl,--exclude-libs,libatomic.a -static-libstdc++ -Wl,--build-id=sha1 -Wl,--no-rosegment -Wl,--fatal-warnings -Wl,--no-undefined -Qunused-arguments -Wl,--gc-sections   CMakeFiles/cmTC_6ed2b.dir/CheckFunctionExists.cxx.o -o cmTC_6ed2b  -lpthread -latomic -lm 
ld: error: unable to find library -lpthread
clang++: error: linker command failed with exit code 1 (use -v to see invocation)
make[1]: *** [CMakeFiles/cmTC_6ed2b.dir/build.make:106: cmTC_6ed2b] Ошибка 1
make[1]: выход из каталога «/home/ilyalinux/RPO/libs/spdlog/build/x86/CMakeFiles/CMakeTmp»
make: *** [Makefile:140: cmTC_6ed2b/fast] Ошибка 2



